<?xml version="1.0" encoding="UTF-8"?>
<testsuite name="soaDemoSync.soaDemoSyncBinding TestSuite" tests="1" failures="0" errors="0" time="5.652"><properties><property name="JOB_NAME" value="SOA_CI_Demo"/><property name="java.vendor" value="Oracle Corporation"/><property name="sun.java.launcher" value="SUN_STANDARD"/><property name="windows_tracing_logfile" value="C:\BVTBin\Tests\installpackage\csilogfile.log"/><property name="NUMBER_OF_PROCESSORS" value="4"/><property name="sun.management.compiler" value="HotSpot Client Compiler"/><property name="JENKINS_HOME" value="C:\Users\Suvankar\.jenkins"/><property name="FPS_BROWSER_USER_PROFILE_STRING" value="Default"/><property name="HUDSON_SERVER_COOKIE" value="f6acedf0e52ce47f"/><property name="POM_ARTIFACTID" value="soaDemoSync"/><property name="os.name" value="Windows 10"/><property name="EXECUTOR_NUMBER" value="1"/><property name="sun.boot.class.path" value="C:\Program Files (x86)\Java\jre1.8.0_101\lib\resources.jar;C:\Program Files (x86)\Java\jre1.8.0_101\lib\rt.jar;C:\Program Files (x86)\Java\jre1.8.0_101\lib\sunrsasign.jar;C:\Program Files (x86)\Java\jre1.8.0_101\lib\jsse.jar;C:\Program Files (x86)\Java\jre1.8.0_101\lib\jce.jar;C:\Program Files (x86)\Java\jre1.8.0_101\lib\charsets.jar;C:\Program Files (x86)\Java\jre1.8.0_101\lib\jfr.jar;C:\Program Files (x86)\Java\jre1.8.0_101\classes"/><property name="PATHEXT" value=".COM;.EXE;.BAT;.CMD;.VBS;.VBE;.JS;.JSE;.WSF;.WSH;.MSC"/><property name="sun.desktop" value="windows"/><property name="POM_DISPLAYNAME" value="soaDemoSync"/><property name="java.vm.specification.vendor" value="Oracle Corporation"/><property name="TEMP" value="C:\Users\Suvankar\AppData\Local\Temp"/><property name="NODE_LABELS" value="master"/><property name="java.runtime.version" value="1.8.0_101-b13"/><property name="FPS_BROWSER_APP_PROFILE_STRING" value="Internet Explorer"/><property name="ORACLE_HOME" value="C:\Oracle\Middleware\Oracle_Home"/><property name="user.name" value="Suvankar"/><property name="guice.disable.misplaced.annotation.check" value="true"/><property name="CommonProgramW6432" value="C:\Program Files\Common Files"/><property name="ProgramFiles" value="C:\Program Files (x86)"/><property name="PROMPT" value="$P$G"/><property name="user.language" value="en"/><property name="OneDrive" value="C:\Users\Suvankar\OneDrive"/><property name="JOB_BASE_NAME" value="SOA_CI_Demo"/><property name="BUILD_DISPLAY_NAME" value="#2"/><property name="sun.boot.library.path" value="C:\Program Files (x86)\Java\jre1.8.0_101\bin"/><property name="LOCALAPPDATA" value="C:\Users\Suvankar\AppData\Local"/><property name="java.version" value="1.8.0_101"/><property name="PROCESSOR_LEVEL" value="6"/><property name="user.timezone" value="America/New_York"/><property name="USERNAME" value="Suvankar"/><property name="sun.arch.data.model" value="32"/><property name="PROCESSOR_ARCHITEW6432" value="AMD64"/><property name="NODE_NAME" value="master"/><property name="java.endorsed.dirs" value="C:\Program Files (x86)\Java\jre1.8.0_101\lib\endorsed"/><property name="BUILD_ID" value="2"/><property name="sun.cpu.isalist" value="pentium_pro+mmx pentium_pro pentium+mmx pentium i486 i386 i86"/><property name="sun.jnu.encoding" value="Cp1252"/><property name="file.encoding.pkg" value="sun.io"/><property name="HOMEDRIVE" value="C:"/><property name="file.separator" value="\"/><property name="java.specification.name" value="Java Platform API Specification"/><property name="env" value="dev"/><property name="java.class.version" value="52.0"/><property name="user.country" value="US"/><property name="ALLUSERSPROFILE" value="C:\ProgramData"/><property name="java.home" value="C:\Program Files (x86)\Java\jre1.8.0_101"/><property name="java.vm.info" value="mixed mode, sharing"/><property name="os.version" value="10.0"/><property name="CATALINA_HOME" value="C:\Acitiviti BPM\apache-tomcat-8.0.29"/><property name="POM_VERSION" value="1.0-SNAPSHOT"/><property name="TMP" value="C:\Users\Suvankar\AppData\Local\Temp"/><property name="path.separator" value=";"/><property name="java.vm.version" value="25.101-b13"/><property name="user.variant" value=""/><property name="CommonProgramFiles(x86)" value="C:\Program Files (x86)\Common Files"/><property name="sun.awt.enableExtraMouseButtons" value="true"/><property name="USERDOMAIN_ROAMINGPROFILE" value="Suvankar-PC"/><property name="FP_NO_HOST_CHECK" value="NO"/><property name="java.awt.printerjob" value="sun.awt.windows.WPrinterJob"/><property name="JAVA_HOME" value="C:\Program Files\Java\jdk1.7.0_21"/><property name="sun.io.unicode.encoding" value="UnicodeLittle"/><property name="CommonProgramFiles" value="C:\Program Files (x86)\Common Files"/><property name="ComSpec" value="C:\WINDOWS\system32\cmd.exe"/><property name="HOMEPATH" value="\Users\Suvankar"/><property name="awt.toolkit" value="sun.awt.windows.WToolkit"/><property name="POM_PACKAGING" value="sar"/><property name="COMPUTERNAME" value="SUVANKAR-PC"/><property name="user.script" value=""/><property name="POM_GROUPID" value="com.cognizant"/><property name="PUBLIC" value="C:\Users\Public"/><property name="user.home" value="C:\Users\Suvankar"/><property name="JENKINS_SERVER_COOKIE" value="f6acedf0e52ce47f"/><property name="BUILD_TAG" value="jenkins-SOA_CI_Demo-2"/><property name="HUDSON_URL" value="http://localhost:8080/"/><property name="ProgramData" value="C:\ProgramData"/><property name="java.specification.vendor" value="Oracle Corporation"/><property name="USERPROFILE" value="C:\Users\Suvankar"/><property name="CLASSPATH" value=""/><property name="java.library.path" value="C:\ProgramData\Oracle\Java\javapath;C:\WINDOWS\Sun\Java\bin;C:\WINDOWS\system32;C:\WINDOWS;C:\Oracle\Middleware\Oracle_Home\oracle_common\modules\org.apache.maven_3.0.5/bin;C:\ProgramData\Oracle\Java\javapath;C:\oraclexe\app\oracle\product\11.2.0\server\bin;C:\Program Files\Common Files\Microsoft Shared\Windows Live;C:\Program Files (x86)\Common Files\Microsoft Shared\Windows Live;C:\WINDOWS\system32;C:\WINDOWS;C:\WINDOWS\System32\Wbem;C:\WINDOWS\System32\WindowsPowerShell\v1.0\;C:\Program Files\Intel\WiFi\bin\;C:\Program Files\Common Files\Intel\WirelessCommon\;C:\Program Files (x86)\Windows Live\Shared;C:\Oracle\Middleware\Oracle_Home\oracle_common\modules\org.apache.maven_3.0.5\bin;C:\Program Files\Git\cmd;C:\Users\Suvankar\AppData\Local\Microsoft\WindowsApps;;."/><property name="java.vendor.url" value="http://java.oracle.com/"/><property name="APPDATA" value="C:\Users\Suvankar\AppData\Roaming"/><property name="java.vm.vendor" value="Oracle Corporation"/><property name="maven.home" value="C:\Oracle\Middleware\Oracle_Home\oracle_common\modules\org.apache.maven_3.0.5"/><property name="java.runtime.name" value="Java(TM) SE Runtime Environment"/><property name="sun.java.command" value="org.jvnet.hudson.maven3.agent.Maven3Main C:\Oracle\Middleware\Oracle_Home\oracle_common\modules\org.apache.maven_3.0.5 C:\Users\Suvankar\.jenkins\war\WEB-INF\lib\remoting-2.59.jar C:\Users\Suvankar\.jenkins\plugins\maven-plugin\WEB-INF\lib\maven3-interceptor-1.5.jar C:\Users\Suvankar\.jenkins\plugins\maven-plugin\WEB-INF\lib\maven3-interceptor-commons-1.5.jar 59725"/><property name="java.class.path" value="C:\Users\Suvankar\.jenkins\plugins\maven-plugin\WEB-INF\lib\maven3-agent-1.5.jar;C:\Oracle\Middleware\Oracle_Home\oracle_common\modules\org.apache.maven_3.0.5\boot\plexus-classworlds-2.4.jar"/><property name="OPENSSL_CONF" value="C:\OpenSSL-Win64\bin\openssl.cfg"/><property name="Path" value="C:\ProgramData\Oracle\Java\javapath;C:\oraclexe\app\oracle\product\11.2.0\server\bin;C:\Program Files\Common Files\Microsoft Shared\Windows Live;C:\Program Files (x86)\Common Files\Microsoft Shared\Windows Live;C:\WINDOWS\system32;C:\WINDOWS;C:\WINDOWS\System32\Wbem;C:\WINDOWS\System32\WindowsPowerShell\v1.0\;C:\Program Files\Intel\WiFi\bin\;C:\Program Files\Common Files\Intel\WirelessCommon\;C:\Program Files (x86)\Windows Live\Shared;C:\Oracle\Middleware\Oracle_Home\oracle_common\modules\org.apache.maven_3.0.5\bin;C:\Program Files\Git\cmd;C:\Users\Suvankar\AppData\Local\Microsoft\WindowsApps;"/><property name="PROCESSOR_ARCHITECTURE" value="x86"/><property name="java.vm.specification.name" value="Java Virtual Machine Specification"/><property name="SESSIONNAME" value="Console"/><property name="PROCESSOR_IDENTIFIER" value="Intel64 Family 6 Model 42 Stepping 7, GenuineIntel"/><property name="java.vm.specification.version" value="1.8"/><property name="M2_HOME" value="C:\Oracle\Middleware\Oracle_Home\oracle_common\modules\org.apache.maven_3.0.5"/><property name="sun.cpu.endian" value="little"/><property name="sun.os.patch.level" value=""/><property name="OS" value="Windows_NT"/><property name="java.io.tmpdir" value="C:\Users\Suvankar\AppData\Local\Temp\"/><property name="PATH+MAVEN" value="C:\Oracle\Middleware\Oracle_Home\oracle_common\modules\org.apache.maven_3.0.5/bin"/><property name="HUDSON_HOME" value="C:\Users\Suvankar\.jenkins"/><property name="ProgramFiles(x86)" value="C:\Program Files (x86)"/><property name="java.vendor.url.bug" value="http://bugreport.sun.com/bugreport/"/><property name="BUILD_URL" value="http://localhost:8080/job/SOA_CI_Demo/2/"/><property name="windows_tracing_flags" value="3"/><property name="SystemRoot" value="C:\WINDOWS"/><property name="os.arch" value="x86"/><property name="java.awt.graphicsenv" value="sun.awt.Win32GraphicsEnvironment"/><property name="java.ext.dirs" value="C:\Program Files (x86)\Java\jre1.8.0_101\lib\ext;C:\WINDOWS\Sun\Java\lib\ext"/><property name="JOB_URL" value="http://localhost:8080/job/SOA_CI_Demo/"/><property name="user.dir" value="C:\Oracle\Middleware\Oracle_Home\oracle_common\plugins\maven\com\oracle\maven\oracle-maven-sync\12.1.3\soaApp1\soaDemoSync"/><property name="LOGONSERVER" value="\\SUVANKAR-PC"/><property name="USERDOMAIN" value="Suvankar-PC"/><property name="MAVEN_HOME" value="C:\Oracle\Middleware\Oracle_Home\oracle_common\modules\org.apache.maven_3.0.5"/><property name="line.separator" value="
"/><property name="BUILD_NUMBER" value="2"/><property name="java.vm.name" value="Java HotSpot(TM) Client VM"/><property name="PROCESSOR_REVISION" value="2a07"/><property name="JENKINS_URL" value="http://localhost:8080/"/><property name="ProgramW6432" value="C:\Program Files"/><property name="windir" value="C:\WINDOWS"/><property name="=C:" value="C:\Jenkins"/><property name="SystemDrive" value="C:"/><property name="file.encoding" value="Cp1252"/><property name="maven3.interceptor" value="C:\Users\Suvankar\.jenkins\plugins\maven-plugin\WEB-INF\lib\maven3-interceptor-1.5.jar"/><property name="WORKSPACE" value="C:\Oracle\Middleware\Oracle_Home\oracle_common\plugins\maven\com\oracle\maven\oracle-maven-sync\12.1.3\soaApp1"/><property name="maven3.interceptor.common" value="C:\Users\Suvankar\.jenkins\plugins\maven-plugin\WEB-INF\lib\maven3-interceptor-commons-1.5.jar"/><property name="PSModulePath" value="C:\WINDOWS\system32\WindowsPowerShell\v1.0\Modules\"/><property name="java.specification.version" value="1.8"/><property name="soapui.logroot" value="C:\Oracle\Middleware\Oracle_Home\oracle_common\plugins\maven\com\oracle\maven\oracle-maven-sync\12.1.3\soaApp1\soaDemoSync\target/soapui/logs/"/></properties><testcase name="process TestCase" time="5.652"/></testsuite>